INFO    : Using PreTeXt-CLI version 2.11.0.  The latest stable version available is 2.13.0. Run `pretext upgrade` to update.

INFO    : PreTeXt project found in `/home/innodems-sheila/Documents/numbers/Numbers`.
WARNING : Using CLI version 2.11.0 but project's `requirements.txt`
WARNING : is configured to use 2.10.0. Consider either installing
WARNING : CLI version 2.10.0 or running `pretext init --refresh`
WARNING : to update `requirements.txt` to match 2.11.0.
INFO    : Since no target was supplied, we will use "web".

INFO    : Building target web
INFO    : Preparing to build into /home/innodems-sheila/Documents/numbers/Numbers/output/web.
INFO    : XSL conversion of /home/innodems-sheila/Documents/numbers/Numbers/source/main.ptx by /home/innodems-sheila/.ptx/2.11.0/core/xsl/utilities/report-publisher-variables.xsl
INFO    : successful application of /home/innodems-sheila/.ptx/2.11.0/core/xsl/utilities/report-publisher-variables.xsl
INFO    : discovering source file's directory name: /home/innodems-sheila/Documents/numbers/Numbers/source
INFO    : verifying and expanding input directory: /home/innodems-sheila/Documents/numbers/Numbers/source/../generated-assets
INFO    : input directory expanded to absolute path: /home/innodems-sheila/Documents/numbers/Numbers/generated-assets
INFO    : verifying and expanding input directory: /home/innodems-sheila/Documents/numbers/Numbers/source/../assets
INFO    : input directory expanded to absolute path: /home/innodems-sheila/Documents/numbers/Numbers/assets
INFO    : Runestone Services via online CDN query: version 7.5.6
INFO    : Downloading Runestone Services, version 7.5.6
INFO    : Extracting Runestone Services from archive file
INFO    : XSL conversion of /home/innodems-sheila/Documents/numbers/Numbers/source/main.ptx by /home/innodems-sheila/.ptx/2.11.0/core/xsl/utilities/report-publisher-variables.xsl
INFO    : successful application of /home/innodems-sheila/.ptx/2.11.0/core/xsl/utilities/report-publisher-variables.xsl
INFO    : XSL conversion of /home/innodems-sheila/Documents/numbers/Numbers/source/main.ptx by /home/innodems-sheila/.ptx/2.11.0/core/xsl/utilities/report-publisher-variables.xsl
INFO    : successful application of /home/innodems-sheila/.ptx/2.11.0/core/xsl/utilities/report-publisher-variables.xsl
INFO    : converting /home/innodems-sheila/Documents/numbers/Numbers/source/main.ptx to HTML in /tmp/ptx-dt4u7bau
INFO    : XSL conversion of /home/innodems-sheila/Documents/numbers/Numbers/source/main.ptx by /home/innodems-sheila/.ptx/2.11.0/core/xsl/pretext-html.xsl
INFO    : messages from the log for XSL processing:
INFO    : * PTX:INFO:   checking ONLY the last TWO YEARS of element deprecations.
Rerun with the string parameter "author.deprecations.all" set to "yes" to check your source against all deprecations.
INFO    : successful application of /home/innodems-sheila/.ptx/2.11.0/core/xsl/pretext-html.xsl
INFO    : Removing temporary directory /tmp/ptx-tcn8qisr
INFO    : Removing temporary directory /tmp/ptx-dt4u7bau
INFO    : Removing temporary directory /tmp/ptx-00id9uar
INFO    : Removing temporary directory /tmp/ptx-qeh26z6i
INFO    : 
Success! Run `pretext view` to see the results.

INFO    : 
