INFO    : Using PreTeXt-CLI version: 2.10.0.  This is the latest available version.

INFO    : PreTeXt project found in `/home/innodems-dan/Documents/open-source-mathematics-curriculum-book/new-pretext-project`.
INFO    : Since no target was supplied, we will use "web".

INFO    : Building target web
ERROR   : XInclude Error caused build to fail:
ERROR   : /home/innodems-dan/Documents/open-source-mathematics-curriculum-book/new-pretext-project/source/sec-factors.ptx:38:55:ERROR:DTD:DTD_XMLID_VALUE: xml:id : attribute value subsec-Divisibility test of 3 is not an NCName
/home/innodems-dan/Documents/open-source-mathematics-curriculum-book/new-pretext-project/source/sec-factors.ptx:50:21:FATAL:PARSER:ERR_TAG_NAME_MISMATCH: Opening and ending tag mismatch: br line 48 and p
/home/innodems-dan/Documents/open-source-mathematics-curriculum-book/new-pretext-project/source/sec-factors.ptx:51:25:FATAL:PARSER:ERR_TAG_NAME_MISMATCH: Opening and ending tag mismatch: p line 47 and statement
/home/innodems-dan/Documents/open-source-mathematics-curriculum-book/new-pretext-project/source/sec-factors.ptx:62:19:FATAL:PARSER:ERR_TAG_NAME_MISMATCH: Opening and ending tag mismatch: statement line 46 and example
/home/innodems-dan/Documents/open-source-mathematics-curriculum-book/new-pretext-project/source/sec-factors.ptx:64:18:FATAL:PARSER:ERR_TAG_NAME_MISMATCH: Opening and ending tag mismatch: example line 45 and subsection
/home/innodems-dan/Documents/open-source-mathematics-curriculum-book/new-pretext-project/source/sec-factors.ptx:66:11:FATAL:PARSER:ERR_TAG_NAME_MISMATCH: Opening and ending tag mismatch: subsection line 38 and section
/home/innodems-dan/Documents/open-source-mathematics-curriculum-book/new-pretext-project/source/ch-numbers.ptx:12:0:ERROR:XINCLUDE:XINCLUDE_NO_FALLBACK: could not load /home/innodems-dan/Documents/open-source-mathematics-curriculum-book/new-pretext-project/source/sec-factors.ptx, and no fallback was found
CRITICAL: XML syntax for source file is invalid
INFO    : ------------------------
CRITICAL: Failed to build.  Exiting...
INFO    : 
----------------------------------------------------
INFO    : While running pretext, the following errors occurred:

INFO    : (see log messages above or in the 'logs' folder for more information)
INFO    : ----------------------------------------------------
