INFO    : Using PreTeXt-CLI version: 2.10.0.  This is the latest available version.

INFO    : PreTeXt project found in `/home/innodems-dan/Documents/open-source-mathematics-curriculum-book/new-pretext-project`.
INFO    : Since no target was supplied, we will use "web".

INFO    : Building target web
INFO    : Preparing to build into /home/innodems-dan/Documents/open-source-mathematics-curriculum-book/new-pretext-project/output/web.
INFO    : XSL conversion of /home/innodems-dan/Documents/open-source-mathematics-curriculum-book/new-pretext-project/source/main.ptx by /home/innodems-dan/.ptx/2.10.0/core/xsl/utilities/report-publisher-variables.xsl
INFO    : messages from the log for XSL processing:
INFO    : * failed to load external entity "/home/innodems-dan/Documents/open-source-mathematics-curriculum-book/new-pretext-project/generated-assets/dynamic_subs/dynamic_substitutions.xml"
INFO    : * DYNAMIC SUBSTITUTION::dynamic-fitb-simple-formula$x1=
INFO    : * failed to load external entity "/home/innodems-dan/Documents/open-source-mathematics-curriculum-book/new-pretext-project/generated-assets/dynamic_subs/dynamic_substitutions.xml"
INFO    : * DYNAMIC SUBSTITUTION::dynamic-fitb-simple-formula$x2=
INFO    : * failed to load external entity "/home/innodems-dan/Documents/open-source-mathematics-curriculum-book/new-pretext-project/generated-assets/dynamic_subs/dynamic_substitutions.xml"
INFO    : * DYNAMIC SUBSTITUTION::dynamic-fitb-simple-formula$x3=
INFO    : * failed to load external entity "/home/innodems-dan/Documents/open-source-mathematics-curriculum-book/new-pretext-project/generated-assets/dynamic_subs/dynamic_substitutions.xml"
INFO    : * DYNAMIC SUBSTITUTION::dynamic-fitb-simple-formula$y0=
INFO    : * failed to load external entity "/home/innodems-dan/Documents/open-source-mathematics-curriculum-book/new-pretext-project/generated-assets/dynamic_subs/dynamic_substitutions.xml"
INFO    : * DYNAMIC SUBSTITUTION::dynamic-fitb-simple-formula$cubic=
INFO    : * failed to load external entity "/home/innodems-dan/Documents/open-source-mathematics-curriculum-book/new-pretext-project/generated-assets/dynamic_subs/dynamic_substitutions.xml"
INFO    : * DYNAMIC SUBSTITUTION::dynamic-fitb-simple-formula$base_cubic=
INFO    : * failed to load external entity "/home/innodems-dan/Documents/open-source-mathematics-curriculum-book/new-pretext-project/generated-assets/dynamic_subs/dynamic_substitutions.xml"
INFO    : * DYNAMIC SUBSTITUTION::dynamic-fitb-simple-formula$base_yint=
INFO    : * failed to load external entity "/home/innodems-dan/Documents/open-source-mathematics-curriculum-book/new-pretext-project/generated-assets/dynamic_subs/dynamic_substitutions.xml"
INFO    : * DYNAMIC SUBSTITUTION::dynamic-fitb-simple-formula$y0=
INFO    : * failed to load external entity "/home/innodems-dan/Documents/open-source-mathematics-curriculum-book/new-pretext-project/generated-assets/dynamic_subs/dynamic_substitutions.xml"
INFO    : * DYNAMIC SUBSTITUTION::dynamic-fitb-simple-formula$base_cubic=
INFO    : * failed to load external entity "/home/innodems-dan/Documents/open-source-mathematics-curriculum-book/new-pretext-project/generated-assets/dynamic_subs/dynamic_substitutions.xml"
INFO    : * DYNAMIC SUBSTITUTION::dynamic-fitb-simple-formula$y0=
INFO    : * failed to load external entity "/home/innodems-dan/Documents/open-source-mathematics-curriculum-book/new-pretext-project/generated-assets/dynamic_subs/dynamic_substitutions.xml"
INFO    : * DYNAMIC SUBSTITUTION::dynamic-fitb-simple-formula$A=
INFO    : * failed to load external entity "/home/innodems-dan/Documents/open-source-mathematics-curriculum-book/new-pretext-project/generated-assets/dynamic_subs/dynamic_substitutions.xml"
INFO    : * DYNAMIC SUBSTITUTION::dynamic-fitb-simple-formula$cubic=
ERROR   : processing with /home/innodems-dan/.ptx/2.10.0/core/xsl/utilities/report-publisher-variables.xsl has failed

INFO    : discovering source file's directory name: /home/innodems-dan/Documents/open-source-mathematics-curriculum-book/new-pretext-project/source
INFO    : verifying and expanding input directory: /home/innodems-dan/Documents/open-source-mathematics-curriculum-book/new-pretext-project/source/../generated-assets
INFO    : input directory expanded to absolute path: /home/innodems-dan/Documents/open-source-mathematics-curriculum-book/new-pretext-project/generated-assets
INFO    : verifying and expanding input directory: /home/innodems-dan/Documents/open-source-mathematics-curriculum-book/new-pretext-project/source/../assets
INFO    : input directory expanded to absolute path: /home/innodems-dan/Documents/open-source-mathematics-curriculum-book/new-pretext-project/assets
INFO    : Runestone Services (via PreTeXt repository): version 7.4.4
INFO    : converting /home/innodems-dan/Documents/open-source-mathematics-curriculum-book/new-pretext-project/source/main.ptx to HTML in /tmp/ptx-yceaurni
INFO    : XSL conversion of /home/innodems-dan/Documents/open-source-mathematics-curriculum-book/new-pretext-project/source/main.ptx by /home/innodems-dan/.ptx/2.10.0/core/xsl/pretext-html.xsl
INFO    : successful application of /home/innodems-dan/.ptx/2.10.0/core/xsl/pretext-html.xsl
INFO    : Removing temporary directory /tmp/ptx-pu7myqx5
INFO    : Removing temporary directory /tmp/ptx-yceaurni
INFO    : 
Success! Run `pretext view` to see the results.

INFO    : 
----------------------------------------------------
INFO    : While running pretext, the following errors occurred:

INFO    : (see log messages above or in the 'logs' folder for more information)
INFO    : ----------------------------------------------------
