WARNING : Using CLI version 2.13.0 but project's `requirements.txt`
WARNING : is configured to use 2.10.0. Consider either installing
WARNING : CLI version 2.10.0 or running `pretext update`
WARNING : to update `requirements.txt` and other managed files to match 2.13.0.
INFO    : Since no target was supplied, we will use "web".

INFO    : Building target web
INFO    : Generating any needed assets.
INFO    : converting latex-image pictures from /home/innodems-sheila/Documents/numbers/Numbers/source/main.ptx to svg graphics for placement in /home/innodems-sheila/Documents/numbers/Numbers/generated-assets/latex-image
INFO    : extracting latex-image pictures from /home/innodems-sheila/Documents/numbers/Numbers/source/main.ptx
INFO    : string parameters passed to extraction stylesheet: {'publisher': '/home/innodems-sheila/Documents/numbers/Numbers/publication/publication.ptx'}
INFO    : discovering source file's directory name: /home/innodems-sheila/Documents/numbers/Numbers/source
INFO    : verifying and expanding input directory: /home/innodems-sheila/Documents/numbers/Numbers/source/../generated-assets
INFO    : input directory expanded to absolute path: /home/innodems-sheila/Documents/numbers/Numbers/generated-assets
INFO    : verifying and expanding input directory: /home/innodems-sheila/Documents/numbers/Numbers/source/../assets
INFO    : input directory expanded to absolute path: /home/innodems-sheila/Documents/numbers/Numbers/assets
INFO    : XSL conversion of /home/innodems-sheila/Documents/numbers/Numbers/source/main.ptx by /home/innodems-sheila/.ptx/2.13.0/core/xsl/extract-latex-image.xsl
INFO    : messages from the log for XSL processing:
INFO    : * PTX:INFO:   checking ONLY the last TWO YEARS of element deprecations.
Rerun with the string parameter "author.deprecations.all" set to "yes" to check your source against all deprecations.
INFO    : successful application of /home/innodems-sheila/.ptx/2.13.0/core/xsl/extract-latex-image.xsl
INFO    : converting subsec-Arranging-fractions-in-descending-order-2-1-3-4.tex to subsec-Arranging-fractions-in-descending-order-2-1-3-4.pdf
INFO    : cropping subsec-Arranging-fractions-in-descending-order-2-1-3-4.pdf to cropped-subsec-Arranging-fractions-in-descending-order-2-1-3-4.pdf
INFO    : renaming cropped-subsec-Arranging-fractions-in-descending-order-2-1-3-4.pdf to subsec-Arranging-fractions-in-descending-order-2-1-3-4.pdf
INFO    : converting subsec-Arranging-fractions-in-descending-order-2-1-3-4.pdf to subsec-Arranging-fractions-in-descending-order-2-1-3-4.svg
INFO    : converting sec-fractions-2-2-3.tex to sec-fractions-2-2-3.pdf
INFO    : cropping sec-fractions-2-2-3.pdf to cropped-sec-fractions-2-2-3.pdf
INFO    : renaming cropped-sec-fractions-2-2-3.pdf to sec-fractions-2-2-3.pdf
INFO    : converting sec-fractions-2-2-3.pdf to sec-fractions-2-2-3.svg
INFO    : converting subsec-Arranging-fractions-in-ascending-order-2-1-3-3.tex to subsec-Arranging-fractions-in-ascending-order-2-1-3-3.pdf
INFO    : cropping subsec-Arranging-fractions-in-ascending-order-2-1-3-3.pdf to cropped-subsec-Arranging-fractions-in-ascending-order-2-1-3-3.pdf
INFO    : renaming cropped-subsec-Arranging-fractions-in-ascending-order-2-1-3-3.pdf to subsec-Arranging-fractions-in-ascending-order-2-1-3-3.pdf
INFO    : converting subsec-Arranging-fractions-in-ascending-order-2-1-3-3.pdf to subsec-Arranging-fractions-in-ascending-order-2-1-3-3.svg
INFO    : converting square-figure-2.tex to square-figure-2.pdf
INFO    : cropping square-figure-2.pdf to cropped-square-figure-2.pdf
INFO    : renaming cropped-square-figure-2.pdf to square-figure-2.pdf
INFO    : converting square-figure-2.pdf to square-figure-2.svg
INFO    : converting subsec-Arranging-fractions-in-ascending-order-2-1-3-5.tex to subsec-Arranging-fractions-in-ascending-order-2-1-3-5.pdf
INFO    : cropping subsec-Arranging-fractions-in-ascending-order-2-1-3-5.pdf to cropped-subsec-Arranging-fractions-in-ascending-order-2-1-3-5.pdf
INFO    : renaming cropped-subsec-Arranging-fractions-in-ascending-order-2-1-3-5.pdf to subsec-Arranging-fractions-in-ascending-order-2-1-3-5.pdf
INFO    : converting subsec-Arranging-fractions-in-ascending-order-2-1-3-5.pdf to subsec-Arranging-fractions-in-ascending-order-2-1-3-5.svg
INFO    : converting subsec-Arranging-fractions-in-descending-order-2-1-3-5.tex to subsec-Arranging-fractions-in-descending-order-2-1-3-5.pdf
INFO    : cropping subsec-Arranging-fractions-in-descending-order-2-1-3-5.pdf to cropped-subsec-Arranging-fractions-in-descending-order-2-1-3-5.pdf
INFO    : renaming cropped-subsec-Arranging-fractions-in-descending-order-2-1-3-5.pdf to subsec-Arranging-fractions-in-descending-order-2-1-3-5.pdf
INFO    : converting subsec-Arranging-fractions-in-descending-order-2-1-3-5.pdf to subsec-Arranging-fractions-in-descending-order-2-1-3-5.svg
INFO    : converting sec-fractions-2-2-2.tex to sec-fractions-2-2-2.pdf
INFO    : cropping sec-fractions-2-2-2.pdf to cropped-sec-fractions-2-2-2.pdf
INFO    : renaming cropped-sec-fractions-2-2-2.pdf to sec-fractions-2-2-2.pdf
INFO    : converting sec-fractions-2-2-2.pdf to sec-fractions-2-2-2.svg
INFO    : converting factor-3-2.tex to factor-3-2.pdf
INFO    : cropping factor-3-2.pdf to cropped-factor-3-2.pdf
INFO    : renaming cropped-factor-3-2.pdf to factor-3-2.pdf
INFO    : converting factor-3-2.pdf to factor-3-2.svg
INFO    : converting factor-2-2.tex to factor-2-2.pdf
INFO    : cropping factor-2-2.pdf to cropped-factor-2-2.pdf
INFO    : renaming cropped-factor-2-2.pdf to factor-2-2.pdf
INFO    : converting factor-2-2.pdf to factor-2-2.svg
INFO    : converting subsec-Arranging-fractions-in-descending-order-2-1-3-2.tex to subsec-Arranging-fractions-in-descending-order-2-1-3-2.pdf
INFO    : cropping subsec-Arranging-fractions-in-descending-order-2-1-3-2.pdf to cropped-subsec-Arranging-fractions-in-descending-order-2-1-3-2.pdf
INFO    : renaming cropped-subsec-Arranging-fractions-in-descending-order-2-1-3-2.pdf to subsec-Arranging-fractions-in-descending-order-2-1-3-2.pdf
INFO    : converting subsec-Arranging-fractions-in-descending-order-2-1-3-2.pdf to subsec-Arranging-fractions-in-descending-order-2-1-3-2.svg
INFO    : converting sec-fractions-2-2-1.tex to sec-fractions-2-2-1.pdf
INFO    : cropping sec-fractions-2-2-1.pdf to cropped-sec-fractions-2-2-1.pdf
INFO    : renaming cropped-sec-fractions-2-2-1.pdf to sec-fractions-2-2-1.pdf
INFO    : converting sec-fractions-2-2-1.pdf to sec-fractions-2-2-1.svg
INFO    : converting subsec-Arranging-fractions-in-descending-order-2-1-3-1.tex to subsec-Arranging-fractions-in-descending-order-2-1-3-1.pdf
INFO    : cropping subsec-Arranging-fractions-in-descending-order-2-1-3-1.pdf to cropped-subsec-Arranging-fractions-in-descending-order-2-1-3-1.pdf
INFO    : renaming cropped-subsec-Arranging-fractions-in-descending-order-2-1-3-1.pdf to subsec-Arranging-fractions-in-descending-order-2-1-3-1.pdf
INFO    : converting subsec-Arranging-fractions-in-descending-order-2-1-3-1.pdf to subsec-Arranging-fractions-in-descending-order-2-1-3-1.svg
INFO    : converting subsec-Arranging-fractions-in-descending-order-2-1-3-3.tex to subsec-Arranging-fractions-in-descending-order-2-1-3-3.pdf
INFO    : cropping subsec-Arranging-fractions-in-descending-order-2-1-3-3.pdf to cropped-subsec-Arranging-fractions-in-descending-order-2-1-3-3.pdf
INFO    : renaming cropped-subsec-Arranging-fractions-in-descending-order-2-1-3-3.pdf to subsec-Arranging-fractions-in-descending-order-2-1-3-3.pdf
INFO    : converting subsec-Arranging-fractions-in-descending-order-2-1-3-3.pdf to subsec-Arranging-fractions-in-descending-order-2-1-3-3.svg
INFO    : converting subsec-Prime-numbers-7-2-2-3.tex to subsec-Prime-numbers-7-2-2-3.pdf
INFO    : cropping subsec-Prime-numbers-7-2-2-3.pdf to cropped-subsec-Prime-numbers-7-2-2-3.pdf
INFO    : renaming cropped-subsec-Prime-numbers-7-2-2-3.pdf to subsec-Prime-numbers-7-2-2-3.pdf
INFO    : converting subsec-Prime-numbers-7-2-2-3.pdf to subsec-Prime-numbers-7-2-2-3.svg
INFO    : converting subsec-Multiplying-decimals-by-decimals-3-1-2.tex to subsec-Multiplying-decimals-by-decimals-3-1-2.pdf
INFO    : cropping subsec-Multiplying-decimals-by-decimals-3-1-2.pdf to cropped-subsec-Multiplying-decimals-by-decimals-3-1-2.pdf
INFO    : renaming cropped-subsec-Multiplying-decimals-by-decimals-3-1-2.pdf to subsec-Multiplying-decimals-by-decimals-3-1-2.pdf
INFO    : converting subsec-Multiplying-decimals-by-decimals-3-1-2.pdf to subsec-Multiplying-decimals-by-decimals-3-1-2.svg
INFO    : converting subsec-Division-of-a-fraction-by-a-fraction-2-1-3.tex to subsec-Division-of-a-fraction-by-a-fraction-2-1-3.pdf
INFO    : cropping subsec-Division-of-a-fraction-by-a-fraction-2-1-3.pdf to cropped-subsec-Division-of-a-fraction-by-a-fraction-2-1-3.pdf
INFO    : renaming cropped-subsec-Division-of-a-fraction-by-a-fraction-2-1-3.pdf to subsec-Division-of-a-fraction-by-a-fraction-2-1-3.pdf
INFO    : converting subsec-Division-of-a-fraction-by-a-fraction-2-1-3.pdf to subsec-Division-of-a-fraction-by-a-fraction-2-1-3.svg
INFO    : converting subsec-Arranging-fractions-in-ascending-order-2-1-3-2.tex to subsec-Arranging-fractions-in-ascending-order-2-1-3-2.pdf
INFO    : cropping subsec-Arranging-fractions-in-ascending-order-2-1-3-2.pdf to cropped-subsec-Arranging-fractions-in-ascending-order-2-1-3-2.pdf
INFO    : renaming cropped-subsec-Arranging-fractions-in-ascending-order-2-1-3-2.pdf to subsec-Arranging-fractions-in-ascending-order-2-1-3-2.pdf
INFO    : converting subsec-Arranging-fractions-in-ascending-order-2-1-3-2.pdf to subsec-Arranging-fractions-in-ascending-order-2-1-3-2.svg
INFO    : converting subsec-Arranging-fractions-in-ascending-order-2-1-3-1.tex to subsec-Arranging-fractions-in-ascending-order-2-1-3-1.pdf
INFO    : cropping subsec-Arranging-fractions-in-ascending-order-2-1-3-1.pdf to cropped-subsec-Arranging-fractions-in-ascending-order-2-1-3-1.pdf
INFO    : renaming cropped-subsec-Arranging-fractions-in-ascending-order-2-1-3-1.pdf to subsec-Arranging-fractions-in-ascending-order-2-1-3-1.pdf
INFO    : converting subsec-Arranging-fractions-in-ascending-order-2-1-3-1.pdf to subsec-Arranging-fractions-in-ascending-order-2-1-3-1.svg
INFO    : converting subsec-Arranging-fractions-in-ascending-order-2-1-3-4.tex to subsec-Arranging-fractions-in-ascending-order-2-1-3-4.pdf
INFO    : cropping subsec-Arranging-fractions-in-ascending-order-2-1-3-4.pdf to cropped-subsec-Arranging-fractions-in-ascending-order-2-1-3-4.pdf
INFO    : renaming cropped-subsec-Arranging-fractions-in-ascending-order-2-1-3-4.pdf to subsec-Arranging-fractions-in-ascending-order-2-1-3-4.pdf
INFO    : converting subsec-Arranging-fractions-in-ascending-order-2-1-3-4.pdf to subsec-Arranging-fractions-in-ascending-order-2-1-3-4.svg
INFO    : converting subsec-Adding-proper-fractions-2-1-3.tex to subsec-Adding-proper-fractions-2-1-3.pdf
INFO    : cropping subsec-Adding-proper-fractions-2-1-3.pdf to cropped-subsec-Adding-proper-fractions-2-1-3.pdf
INFO    : renaming cropped-subsec-Adding-proper-fractions-2-1-3.pdf to subsec-Adding-proper-fractions-2-1-3.pdf
INFO    : converting subsec-Adding-proper-fractions-2-1-3.pdf to subsec-Adding-proper-fractions-2-1-3.svg
INFO    : converting subsubsec-Prime-factors-11-2-1.tex to subsubsec-Prime-factors-11-2-1.pdf
INFO    : cropping subsubsec-Prime-factors-11-2-1.pdf to cropped-subsubsec-Prime-factors-11-2-1.pdf
INFO    : renaming cropped-subsubsec-Prime-factors-11-2-1.pdf to subsubsec-Prime-factors-11-2-1.pdf
INFO    : converting subsubsec-Prime-factors-11-2-1.pdf to subsubsec-Prime-factors-11-2-1.svg
INFO    : converting factor-1-2.tex to factor-1-2.pdf
INFO    : cropping factor-1-2.pdf to cropped-factor-1-2.pdf
INFO    : renaming cropped-factor-1-2.pdf to factor-1-2.pdf
INFO    : converting factor-1-2.pdf to factor-1-2.svg
INFO    : converting subsec-Squares-of-whole-numbers-2-3.tex to subsec-Squares-of-whole-numbers-2-3.pdf
INFO    : cropping subsec-Squares-of-whole-numbers-2-3.pdf to cropped-subsec-Squares-of-whole-numbers-2-3.pdf
INFO    : renaming cropped-subsec-Squares-of-whole-numbers-2-3.pdf to subsec-Squares-of-whole-numbers-2-3.pdf
INFO    : converting subsec-Squares-of-whole-numbers-2-3.pdf to subsec-Squares-of-whole-numbers-2-3.svg
INFO    : converting subsec-Prime-numbers-7-2-2-2.tex to subsec-Prime-numbers-7-2-2-2.pdf
INFO    : cropping subsec-Prime-numbers-7-2-2-2.pdf to cropped-subsec-Prime-numbers-7-2-2-2.pdf
INFO    : renaming cropped-subsec-Prime-numbers-7-2-2-2.pdf to subsec-Prime-numbers-7-2-2-2.pdf
INFO    : converting subsec-Prime-numbers-7-2-2-2.pdf to subsec-Prime-numbers-7-2-2-2.svg
INFO    : converting subsec-Prime-numbers-7-2-2-1.tex to subsec-Prime-numbers-7-2-2-1.pdf
INFO    : cropping subsec-Prime-numbers-7-2-2-1.pdf to cropped-subsec-Prime-numbers-7-2-2-1.pdf
INFO    : renaming cropped-subsec-Prime-numbers-7-2-2-1.pdf to subsec-Prime-numbers-7-2-2-1.pdf
INFO    : converting subsec-Prime-numbers-7-2-2-1.pdf to subsec-Prime-numbers-7-2-2-1.svg
INFO    : Removing temporary directory /tmp/ptx-icdth7f9
INFO    : Finished generating assets.

INFO    : Preparing to build into /home/innodems-sheila/Documents/numbers/Numbers/output/web.
WARNING : Node.js must be installed to build CSS files.  Please install node.js and npm.
 Will try to use prebuilt CSS files instead.
WARNING : Cannot find npm.  Will try to use prebuilt CSS files instead.
CRITICAL: Unable to install required npm packages to build css files.  To use your selected HTML theme, you must have node.js and npm installed.
CRITICAL: 
INFO    : discovering source file's directory name: /home/innodems-sheila/Documents/numbers/Numbers/source
INFO    : verifying and expanding input directory: /home/innodems-sheila/Documents/numbers/Numbers/source/../generated-assets
INFO    : input directory expanded to absolute path: /home/innodems-sheila/Documents/numbers/Numbers/generated-assets
INFO    : verifying and expanding input directory: /home/innodems-sheila/Documents/numbers/Numbers/source/../assets
INFO    : input directory expanded to absolute path: /home/innodems-sheila/Documents/numbers/Numbers/assets
INFO    : Runestone Services via online CDN query: version 7.5.5
INFO    : Downloading Runestone Services, version 7.5.5
WARNING : There was a network problem while trying to download "https://runestone.academy/cdn/runestone/dist-7.5.5.tgz"
and the reported problem is:
HTTPSConnectionPool(host='runestone.academy', port=443): Read timed out.
WARNING : Failed to download all Runestone Services files
INFO    : XSL conversion of /home/innodems-sheila/Documents/numbers/Numbers/source/main.ptx by /home/innodems-sheila/.ptx/2.13.0/core/xsl/utilities/report-publisher-variables.xsl
INFO    : successful application of /home/innodems-sheila/.ptx/2.13.0/core/xsl/utilities/report-publisher-variables.xsl
INFO    : Node.js not available. Relying on prebuilt default-modern.
INFO    : converting /home/innodems-sheila/Documents/numbers/Numbers/source/main.ptx to HTML in /tmp/ptx-yf19ny4b
INFO    : XSL conversion of /home/innodems-sheila/Documents/numbers/Numbers/source/main.ptx by /home/innodems-sheila/.ptx/2.13.0/core/xsl/pretext-html.xsl
INFO    : messages from the log for XSL processing:
INFO    : * PTX:INFO:   checking ONLY the last TWO YEARS of element deprecations.
Rerun with the string parameter "author.deprecations.all" set to "yes" to check your source against all deprecations.
INFO    : successful application of /home/innodems-sheila/.ptx/2.13.0/core/xsl/pretext-html.xsl
INFO    : Removing temporary directory /tmp/ptx-yf19ny4b
INFO    : Removing temporary directory /tmp/ptx-kwsy3sp9
INFO    : 
Success! Run `pretext view` to see the results.

INFO    : 
----------------------------------------------------
INFO    : While running pretext, the following errors occurred:

INFO    : (see log messages above or in the 'logs' folder for more information)
INFO    : ----------------------------------------------------
