WARNING : Using CLI version 2.13.0 but project's `requirements.txt`
WARNING : is configured to use 2.10.0. Consider either installing
WARNING : CLI version 2.10.0 or running `pretext update`
WARNING : to update `requirements.txt` and other managed files to match 2.13.0.
INFO    : Since no target was supplied, we will use "web".

INFO    : Building target web
INFO    : Generating any needed assets.
INFO    : Finished generating assets.

INFO    : Preparing to build into /home/innodems-sheila/Documents/numbers/Numbers/output/web.
WARNING : Node.js must be installed to build CSS files.  Please install node.js and npm.
 Will try to use prebuilt CSS files instead.
WARNING : Cannot find npm.  Will try to use prebuilt CSS files instead.
CRITICAL: Unable to install required npm packages to build css files.  To use your selected HTML theme, you must have node.js and npm installed.
CRITICAL: 
INFO    : discovering source file's directory name: /home/innodems-sheila/Documents/numbers/Numbers/source
INFO    : verifying and expanding input directory: /home/innodems-sheila/Documents/numbers/Numbers/source/../generated-assets
INFO    : input directory expanded to absolute path: /home/innodems-sheila/Documents/numbers/Numbers/generated-assets
INFO    : verifying and expanding input directory: /home/innodems-sheila/Documents/numbers/Numbers/source/../assets
INFO    : input directory expanded to absolute path: /home/innodems-sheila/Documents/numbers/Numbers/assets
CRITICAL: unable to get Runestone Services from the Runestone CDN.
This is due to an error reported immediately prior in the log.
Unable to proceed and build useful HTML output without this.
INFO    : ------------------------
CRITICAL: Failed to build.  Exiting...
INFO    : 
----------------------------------------------------
INFO    : While running pretext, the following errors occurred:

INFO    : (see log messages above or in the 'logs' folder for more information)
INFO    : ----------------------------------------------------
