INFO    : Using PreTeXt-CLI version: 2.10.0.  This is the latest available version.

INFO    : PreTeXt project found in `/home/innodems-dan/Documents/open-source-mathematics-curriculum-book/new-pretext-project`.
INFO    : Since no target was supplied, we will use "web".

INFO    : Building target web
ERROR   : XInclude Error caused build to fail:
ERROR   : /home/innodems-dan/Documents/open-source-mathematics-curriculum-book/new-pretext-project/source/sec-fractions.ptx:72:53:FATAL:PARSER:ERR_HYPHEN_IN_COMMENT: Double hyphen within comment: <!-- <sidebyside widths="20% 20% 20% 20% 20%">
       
/home/innodems-dan/Documents/open-source-mathematics-curriculum-book/new-pretext-project/source/sec-fractions.ptx:72:107:FATAL:PARSER:ERR_HYPHEN_IN_COMMENT: Double hyphen within comment: <!-- <sidebyside widths="20% 20% 20% 20% 20%">
       
/home/innodems-dan/Documents/open-source-mathematics-curriculum-book/new-pretext-project/source/sec-fractions.ptx:73:46:FATAL:PARSER:ERR_HYPHEN_IN_COMMENT: Double hyphen within comment: <!-- <sidebyside widths="20% 20% 20% 20% 20%">
       
/home/innodems-dan/Documents/open-source-mathematics-curriculum-book/new-pretext-project/source/sec-fractions.ptx:74:45:FATAL:PARSER:ERR_HYPHEN_IN_COMMENT: Double hyphen within comment: <!-- <sidebyside widths="20% 20% 20% 20% 20%">
       
/home/innodems-dan/Documents/open-source-mathematics-curriculum-book/new-pretext-project/source/sec-fractions.ptx:75:52:FATAL:PARSER:ERR_HYPHEN_IN_COMMENT: Double hyphen within comment: <!-- <sidebyside widths="20% 20% 20% 20% 20%">
       
/home/innodems-dan/Documents/open-source-mathematics-curriculum-book/new-pretext-project/source/sec-fractions.ptx:76:53:FATAL:PARSER:ERR_HYPHEN_IN_COMMENT: Double hyphen within comment: <!-- <sidebyside widths="20% 20% 20% 20% 20%">
       
/home/innodems-dan/Documents/open-source-mathematics-curriculum-book/new-pretext-project/source/sec-fractions.ptx:86:46:FATAL:PARSER:ERR_HYPHEN_IN_COMMENT: Double hyphen within comment: <!-- <sidebyside widths="20% 20% 20% 20% 20%">
       
/home/innodems-dan/Documents/open-source-mathematics-curriculum-book/new-pretext-project/source/sec-fractions.ptx:87:53:FATAL:PARSER:ERR_HYPHEN_IN_COMMENT: Double hyphen within comment: <!-- <sidebyside widths="20% 20% 20% 20% 20%">
       
/home/innodems-dan/Documents/open-source-mathematics-curriculum-book/new-pretext-project/source/sec-fractions.ptx:87:107:FATAL:PARSER:ERR_HYPHEN_IN_COMMENT: Double hyphen within comment: <!-- <sidebyside widths="20% 20% 20% 20% 20%">
       
/home/innodems-dan/Documents/open-source-mathematics-curriculum-book/new-pretext-project/source/sec-fractions.ptx:88:45:FATAL:PARSER:ERR_HYPHEN_IN_COMMENT: Double hyphen within comment: <!-- <sidebyside widths="20% 20% 20% 20% 20%">
       
/home/innodems-dan/Documents/open-source-mathematics-curriculum-book/new-pretext-project/source/sec-fractions.ptx:89:52:FATAL:PARSER:ERR_HYPHEN_IN_COMMENT: Double hyphen within comment: <!-- <sidebyside widths="20% 20% 20% 20% 20%">
       
/home/innodems-dan/Documents/open-source-mathematics-curriculum-book/new-pretext-project/source/sec-fractions.ptx:90:53:FATAL:PARSER:ERR_HYPHEN_IN_COMMENT: Double hyphen within comment: <!-- <sidebyside widths="20% 20% 20% 20% 20%">
       
/home/innodems-dan/Documents/open-source-mathematics-curriculum-book/new-pretext-project/source/sec-fractions.ptx:100:53:FATAL:PARSER:ERR_HYPHEN_IN_COMMENT: Double hyphen within comment: <!-- <sidebyside widths="20% 20% 20% 20% 20%">
       
/home/innodems-dan/Documents/open-source-mathematics-curriculum-book/new-pretext-project/source/sec-fractions.ptx:100:108:FATAL:PARSER:ERR_HYPHEN_IN_COMMENT: Double hyphen within comment: <!-- <sidebyside widths="20% 20% 20% 20% 20%">
       
/home/innodems-dan/Documents/open-source-mathematics-curriculum-book/new-pretext-project/source/sec-fractions.ptx:101:46:FATAL:PARSER:ERR_HYPHEN_IN_COMMENT: Double hyphen within comment: <!-- <sidebyside widths="20% 20% 20% 20% 20%">
       
/home/innodems-dan/Documents/open-source-mathematics-curriculum-book/new-pretext-project/source/sec-fractions.ptx:102:45:FATAL:PARSER:ERR_HYPHEN_IN_COMMENT: Double hyphen within comment: <!-- <sidebyside widths="20% 20% 20% 20% 20%">
       
/home/innodems-dan/Documents/open-source-mathematics-curriculum-book/new-pretext-project/source/sec-fractions.ptx:103:52:FATAL:PARSER:ERR_HYPHEN_IN_COMMENT: Double hyphen within comment: <!-- <sidebyside widths="20% 20% 20% 20% 20%">
       
/home/innodems-dan/Documents/open-source-mathematics-curriculum-book/new-pretext-project/source/sec-fractions.ptx:104:53:FATAL:PARSER:ERR_HYPHEN_IN_COMMENT: Double hyphen within comment: <!-- <sidebyside widths="20% 20% 20% 20% 20%">
       
/home/innodems-dan/Documents/open-source-mathematics-curriculum-book/new-pretext-project/source/sec-fractions.ptx:114:53:FATAL:PARSER:ERR_HYPHEN_IN_COMMENT: Double hyphen within comment: <!-- <sidebyside widths="20% 20% 20% 20% 20%">
       
/home/innodems-dan/Documents/open-source-mathematics-curriculum-book/new-pretext-project/source/sec-fractions.ptx:114:108:FATAL:PARSER:ERR_HYPHEN_IN_COMMENT: Double hyphen within comment: <!-- <sidebyside widths="20% 20% 20% 20% 20%">
       
/home/innodems-dan/Documents/open-source-mathematics-curriculum-book/new-pretext-project/source/sec-fractions.ptx:115:46:FATAL:PARSER:ERR_HYPHEN_IN_COMMENT: Double hyphen within comment: <!-- <sidebyside widths="20% 20% 20% 20% 20%">
       
/home/innodems-dan/Documents/open-source-mathematics-curriculum-book/new-pretext-project/source/sec-fractions.ptx:116:45:FATAL:PARSER:ERR_HYPHEN_IN_COMMENT: Double hyphen within comment: <!-- <sidebyside widths="20% 20% 20% 20% 20%">
       
/home/innodems-dan/Documents/open-source-mathematics-curriculum-book/new-pretext-project/source/sec-fractions.ptx:117:52:FATAL:PARSER:ERR_HYPHEN_IN_COMMENT: Double hyphen within comment: <!-- <sidebyside widths="20% 20% 20% 20% 20%">
       
/home/innodems-dan/Documents/open-source-mathematics-curriculum-book/new-pretext-project/source/sec-fractions.ptx:118:53:FATAL:PARSER:ERR_HYPHEN_IN_COMMENT: Double hyphen within comment: <!-- <sidebyside widths="20% 20% 20% 20% 20%">
       
/home/innodems-dan/Documents/open-source-mathematics-curriculum-book/new-pretext-project/source/sec-fractions.ptx:128:53:FATAL:PARSER:ERR_HYPHEN_IN_COMMENT: Double hyphen within comment: <!-- <sidebyside widths="20% 20% 20% 20% 20%">
       
/home/innodems-dan/Documents/open-source-mathematics-curriculum-book/new-pretext-project/source/sec-fractions.ptx:128:108:FATAL:PARSER:ERR_HYPHEN_IN_COMMENT: Double hyphen within comment: <!-- <sidebyside widths="20% 20% 20% 20% 20%">
       
/home/innodems-dan/Documents/open-source-mathematics-curriculum-book/new-pretext-project/source/sec-fractions.ptx:129:46:FATAL:PARSER:ERR_HYPHEN_IN_COMMENT: Double hyphen within comment: <!-- <sidebyside widths="20% 20% 20% 20% 20%">
       
/home/innodems-dan/Documents/open-source-mathematics-curriculum-book/new-pretext-project/source/sec-fractions.ptx:130:45:FATAL:PARSER:ERR_HYPHEN_IN_COMMENT: Double hyphen within comment: <!-- <sidebyside widths="20% 20% 20% 20% 20%">
       
/home/innodems-dan/Documents/open-source-mathematics-curriculum-book/new-pretext-project/source/sec-fractions.ptx:131:52:FATAL:PARSER:ERR_HYPHEN_IN_COMMENT: Double hyphen within comment: <!-- <sidebyside widths="20% 20% 20% 20% 20%">
       
/home/innodems-dan/Documents/open-source-mathematics-curriculum-book/new-pretext-project/source/sec-fractions.ptx:132:53:FATAL:PARSER:ERR_HYPHEN_IN_COMMENT: Double hyphen within comment: <!-- <sidebyside widths="20% 20% 20% 20% 20%">
       
/home/innodems-dan/Documents/open-source-mathematics-curriculum-book/new-pretext-project/source/ch-numbers.ptx:13:0:ERROR:XINCLUDE:XINCLUDE_NO_FALLBACK: could not load /home/innodems-dan/Documents/open-source-mathematics-curriculum-book/new-pretext-project/source/sec-fractions.ptx, and no fallback was found
CRITICAL: XML syntax for source file is invalid
INFO    : ------------------------
CRITICAL: Failed to build.  Exiting...
INFO    : 
----------------------------------------------------
INFO    : While running pretext, the following errors occurred:

INFO    : (see log messages above or in the 'logs' folder for more information)
INFO    : ----------------------------------------------------
