WARNING : Using CLI version 2.13.0 but project's `requirements.txt`
WARNING : is configured to use 2.10.0. Consider either installing
WARNING : CLI version 2.10.0 or running `pretext update`
WARNING : to update `requirements.txt` and other managed files to match 2.13.0.
INFO    : Since no target was supplied, we will use "web".

INFO    : Now preparing local server to preview your project directory `/home/innodems-sheila/Documents/numbers/Numbers`.
INFO    :   (Reminder: use `pretext deploy` to deploy your built project to a public
INFO    :   GitHub Pages site that can be shared with readers who cannot access your
INFO    :   personal computer.)
INFO    : 
INFO    : starting server ...
INFO    : setting up ...
INFO    : values set...
INFO    : adding server entry
INFO    : Added server entry c393ed8f83 4986 8128 localhost

INFO    : Starting the server
INFO    : Server will soon be available at http://localhost:8128
INFO    : Opening browser for target `web` at http://localhost:8128/output/web
INFO    : Stopping server.
INFO    : 
