INFO    : Using PreTeXt-CLI version 2.11.0.  The latest stable version available is 2.12.0. Run `pretext upgrade` to update.

INFO    : PreTeXt project found in `/home/innodems-sheila/Documents/numbers/Numbers`.
WARNING : Using CLI version 2.11.0 but project's `requirements.txt`
WARNING : is configured to use 2.10.0. Consider either installing
WARNING : CLI version 2.10.0 or running `pretext init --refresh`
WARNING : to update `requirements.txt` to match 2.11.0.
INFO    : Since no target was supplied, we will use "web".

INFO    : Now preparing local server to preview your project directory `/home/innodems-sheila/Documents/numbers/Numbers`.
INFO    :   (Reminder: use `pretext deploy` to deploy your built project to a public
INFO    :   GitHub Pages site that can be shared with readers who cannot access your
INFO    :   personal computer.)
INFO    : 
INFO    : starting server ...
INFO    : setting up ...
INFO    : values set...
INFO    : adding server entry
INFO    : Added server entry c393ed8f83 30537 8128 localhost

INFO    : Starting the server
INFO    : Server will soon be available at http://localhost:8128
INFO    : Opening browser for target `web` at http://localhost:8128/output/web
