WARNING : Using CLI version 2.13.0 but project's `requirements.txt`
WARNING : is configured to use 2.10.0. Consider either installing
WARNING : CLI version 2.10.0 or running `pretext update`
WARNING : to update `requirements.txt` and other managed files to match 2.13.0.
INFO    : Since no target was supplied, we will use "web".

INFO    : Building target web
INFO    : Generating any needed assets.
INFO    : Finished generating assets.

INFO    : Preparing to build into /home/innodems-sheila/Documents/numbers/Numbers/output/web.
WARNING : Node.js must be installed to build CSS files.  Please install node.js and npm.
 Will try to use prebuilt CSS files instead.
WARNING : Cannot find npm.  Will try to use prebuilt CSS files instead.
CRITICAL: Unable to install required npm packages to build css files.  To use your selected HTML theme, you must have node.js and npm installed.
CRITICAL: 
INFO    : discovering source file's directory name: /home/innodems-sheila/Documents/numbers/Numbers/source
INFO    : verifying and expanding input directory: /home/innodems-sheila/Documents/numbers/Numbers/source/../generated-assets
INFO    : input directory expanded to absolute path: /home/innodems-sheila/Documents/numbers/Numbers/generated-assets
INFO    : verifying and expanding input directory: /home/innodems-sheila/Documents/numbers/Numbers/source/../assets
INFO    : input directory expanded to absolute path: /home/innodems-sheila/Documents/numbers/Numbers/assets
INFO    : Runestone Services via online CDN query: version 7.5.6
INFO    : Downloading Runestone Services, version 7.5.6
WARNING : There was a network problem while trying to download "https://runestone.academy/cdn/runestone/dist-7.5.6.tgz"
and the reported problem is:
('Connection broken: IncompleteRead(703022 bytes read, 13504575 more expected)', IncompleteRead(703022 bytes read, 13504575 more expected))
WARNING : Failed to download all Runestone Services files
INFO    : XSL conversion of /home/innodems-sheila/Documents/numbers/Numbers/source/main.ptx by /home/innodems-sheila/.ptx/2.13.0/core/xsl/utilities/report-publisher-variables.xsl
INFO    : successful application of /home/innodems-sheila/.ptx/2.13.0/core/xsl/utilities/report-publisher-variables.xsl
INFO    : Node.js not available. Relying on prebuilt default-modern.
INFO    : converting /home/innodems-sheila/Documents/numbers/Numbers/source/main.ptx to HTML in /tmp/ptx-rwihz5yn
INFO    : XSL conversion of /home/innodems-sheila/Documents/numbers/Numbers/source/main.ptx by /home/innodems-sheila/.ptx/2.13.0/core/xsl/pretext-html.xsl
INFO    : messages from the log for XSL processing:
INFO    : * PTX:INFO:   checking ONLY the last TWO YEARS of element deprecations.
Rerun with the string parameter "author.deprecations.all" set to "yes" to check your source against all deprecations.
INFO    : successful application of /home/innodems-sheila/.ptx/2.13.0/core/xsl/pretext-html.xsl
INFO    : Removing temporary directory /tmp/ptx-rwihz5yn
INFO    : Removing temporary directory /tmp/ptx-ahv4ahba
INFO    : 
Success! Run `pretext view` to see the results.

INFO    : 
----------------------------------------------------
INFO    : While running pretext, the following errors occurred:

INFO    : (see log messages above or in the 'logs' folder for more information)
INFO    : ----------------------------------------------------
