INFO    : Using PreTeXt-CLI version 2.10.0.  The latest stable version available is 2.12.0. Run `pip install pretext --upgrade` to update.

INFO    : PreTeXt project found in `/home/innodems-dan/Documents/open-source-mathematics-curriculum-book/new-pretext-project`.
INFO    : Since no target was supplied, we will use "web".

INFO    : Building target web
INFO    : converting latex-image pictures from /home/innodems-dan/Documents/open-source-mathematics-curriculum-book/new-pretext-project/source/main.ptx to svg graphics for placement in /home/innodems-dan/Documents/open-source-mathematics-curriculum-book/new-pretext-project/generated-assets/latex-image
INFO    : extracting latex-image pictures from /home/innodems-dan/Documents/open-source-mathematics-curriculum-book/new-pretext-project/source/main.ptx
INFO    : string parameters passed to extraction stylesheet: {'publisher': '/home/innodems-dan/Documents/open-source-mathematics-curriculum-book/new-pretext-project/publication/publication.ptx', 'subtree': 'subsec-Squares-of-whole-numbers'}
INFO    : discovering source file's directory name: /home/innodems-dan/Documents/open-source-mathematics-curriculum-book/new-pretext-project/source
INFO    : verifying and expanding input directory: /home/innodems-dan/Documents/open-source-mathematics-curriculum-book/new-pretext-project/source/../generated-assets
INFO    : input directory expanded to absolute path: /home/innodems-dan/Documents/open-source-mathematics-curriculum-book/new-pretext-project/generated-assets
INFO    : verifying and expanding input directory: /home/innodems-dan/Documents/open-source-mathematics-curriculum-book/new-pretext-project/source/../assets
INFO    : input directory expanded to absolute path: /home/innodems-dan/Documents/open-source-mathematics-curriculum-book/new-pretext-project/assets
INFO    : XSL conversion of /home/innodems-dan/Documents/open-source-mathematics-curriculum-book/new-pretext-project/source/main.ptx by /home/innodems-dan/.ptx/2.10.0/core/xsl/extract-latex-image.xsl
INFO    : successful application of /home/innodems-dan/.ptx/2.10.0/core/xsl/extract-latex-image.xsl
INFO    : converting subsec-Squares-of-whole-numbers-2-1-5-1.tex to subsec-Squares-of-whole-numbers-2-1-5-1.pdf
ERROR   : LaTeX compilation of subsec-Squares-of-whole-numbers-2-1-5-1.tex failed.
Re-run, requesting "source" as the format, to analyze the image.
Likely creating the entire document as PDF will fail similarly.
The transcript of the LaTeX run follows.
ERROR   : Unable to generate some latex-image assets:
 LaTeX compilation failed for 1 "latex-image"(s).
Review the log for error messages, and LaTeX transcripts.
Images are:
  subsec-Squares-of-whole-numbers-2-1-5-1.tex
INFO    : Removing temporary directory /tmp/ptx-20v6tkuw
INFO    : Preparing to build into /home/innodems-dan/Documents/open-source-mathematics-curriculum-book/new-pretext-project/output/web.
INFO    : XSL conversion of /home/innodems-dan/Documents/open-source-mathematics-curriculum-book/new-pretext-project/source/main.ptx by /home/innodems-dan/.ptx/2.10.0/core/xsl/utilities/report-publisher-variables.xsl
INFO    : successful application of /home/innodems-dan/.ptx/2.10.0/core/xsl/utilities/report-publisher-variables.xsl
INFO    : discovering source file's directory name: /home/innodems-dan/Documents/open-source-mathematics-curriculum-book/new-pretext-project/source
INFO    : verifying and expanding input directory: /home/innodems-dan/Documents/open-source-mathematics-curriculum-book/new-pretext-project/source/../generated-assets
INFO    : input directory expanded to absolute path: /home/innodems-dan/Documents/open-source-mathematics-curriculum-book/new-pretext-project/generated-assets
INFO    : verifying and expanding input directory: /home/innodems-dan/Documents/open-source-mathematics-curriculum-book/new-pretext-project/source/../assets
INFO    : input directory expanded to absolute path: /home/innodems-dan/Documents/open-source-mathematics-curriculum-book/new-pretext-project/assets
INFO    : Runestone Services (via PreTeXt repository): version 7.4.4
INFO    : Runestone Services (using newer, via online CDN query): version 7.5.1
INFO    : Downloading Runestone Services, version 7.5.1
INFO    : Extracting Runestone Services from archive file
INFO    : converting /home/innodems-dan/Documents/open-source-mathematics-curriculum-book/new-pretext-project/source/main.ptx to HTML in /tmp/ptx-3vrtmgts
INFO    : XSL conversion of /home/innodems-dan/Documents/open-source-mathematics-curriculum-book/new-pretext-project/source/main.ptx by /home/innodems-dan/.ptx/2.10.0/core/xsl/pretext-html.xsl
INFO    : successful application of /home/innodems-dan/.ptx/2.10.0/core/xsl/pretext-html.xsl
INFO    : Removing temporary directory /tmp/ptx-26fb0dnf
INFO    : Removing temporary directory /tmp/ptx-3vrtmgts
INFO    : 
Success! Run `pretext view` to see the results.

INFO    : 
----------------------------------------------------
INFO    : While running pretext, the following errors occurred:

INFO    : (see log messages above or in the 'logs' folder for more information)
INFO    : ----------------------------------------------------
