INFO    : Using PreTeXt-CLI version 2.10.0.  The latest stable version available is 2.12.0. Run `pip install pretext --upgrade` to update.

INFO    : PreTeXt project found in `/home/innodems-dan/Documents/open-source-mathematics-curriculum-book/new-pretext-project`.
INFO    : Since no target was supplied, we will use "web".

INFO    : Building target web
ERROR   : XInclude Error caused build to fail:
ERROR   : /home/innodems-dan/Documents/open-source-mathematics-curriculum-book/new-pretext-project/source/sec-whole-numbers.ptx:232:84:FATAL:PARSER:ERR_ATTRIBUTE_WITHOUT_VALUE: Specification mandates value for attribute tabular
/home/innodems-dan/Documents/open-source-mathematics-curriculum-book/new-pretext-project/source/sec-whole-numbers.ptx:232:84:FATAL:PARSER:ERR_SPACE_REQUIRED: attributes construct error
/home/innodems-dan/Documents/open-source-mathematics-curriculum-book/new-pretext-project/source/sec-whole-numbers.ptx:232:84:FATAL:PARSER:ERR_GT_REQUIRED: Couldn't find end of Start Tag tabular line 232
/home/innodems-dan/Documents/open-source-mathematics-curriculum-book/new-pretext-project/source/sec-whole-numbers.ptx:264:27:FATAL:PARSER:ERR_TAG_NAME_MISMATCH: Opening and ending tag mismatch: activity line 225 and tabular
/home/innodems-dan/Documents/open-source-mathematics-curriculum-book/new-pretext-project/source/sec-whole-numbers.ptx:294:18:FATAL:PARSER:ERR_TAG_NAME_MISMATCH: Opening and ending tag mismatch: subsection line 223 and activity
/home/innodems-dan/Documents/open-source-mathematics-curriculum-book/new-pretext-project/source/sec-whole-numbers.ptx:374:23:FATAL:PARSER:ERR_TAG_NAME_MISMATCH: Opening and ending tag mismatch: section line 3 and subsection
/home/innodems-dan/Documents/open-source-mathematics-curriculum-book/new-pretext-project/source/ch-numbers.ptx:11:0:ERROR:XINCLUDE:XINCLUDE_NO_FALLBACK: could not load /home/innodems-dan/Documents/open-source-mathematics-curriculum-book/new-pretext-project/source/sec-whole-numbers.ptx, and no fallback was found
CRITICAL: XML syntax for source file is invalid
INFO    : ------------------------
CRITICAL: Failed to build.  Exiting...
INFO    : 
----------------------------------------------------
INFO    : While running pretext, the following errors occurred:

INFO    : (see log messages above or in the 'logs' folder for more information)
INFO    : ----------------------------------------------------
