INFO    : Using PreTeXt-CLI version 2.10.0.  The latest stable version available is 2.11.4. Run `pip install pretext --upgrade` to update.

INFO    : PreTeXt project found in `/home/innodems-dan/Documents/open-source-mathematics-curriculum-book/new-pretext-project`.
INFO    : Since no target was supplied, we will use "web".

INFO    : Building target web
ERROR   : XInclude Error caused build to fail:
ERROR   : /home/innodems-dan/Documents/open-source-mathematics-curriculum-book/new-pretext-project/source/sec-factors.ptx:98:33:FATAL:PARSER:ERR_TAG_NAME_MISMATCH: Opening and ending tag mismatch: br line 90 and p
/home/innodems-dan/Documents/open-source-mathematics-curriculum-book/new-pretext-project/source/sec-factors.ptx:99:30:FATAL:PARSER:ERR_TAG_NAME_MISMATCH: Opening and ending tag mismatch: p line 89 and li
/home/innodems-dan/Documents/open-source-mathematics-curriculum-book/new-pretext-project/source/sec-factors.ptx:130:26:FATAL:PARSER:ERR_TAG_NAME_MISMATCH: Opening and ending tag mismatch: li line 88 and ol
/home/innodems-dan/Documents/open-source-mathematics-curriculum-book/new-pretext-project/source/sec-factors.ptx:131:21:FATAL:PARSER:ERR_TAG_NAME_MISMATCH: Opening and ending tag mismatch: ol line 87 and p
/home/innodems-dan/Documents/open-source-mathematics-curriculum-book/new-pretext-project/source/sec-factors.ptx:132:24:FATAL:PARSER:ERR_TAG_NAME_MISMATCH: Opening and ending tag mismatch: p line 86 and solution
/home/innodems-dan/Documents/open-source-mathematics-curriculum-book/new-pretext-project/source/sec-factors.ptx:133:19:FATAL:PARSER:ERR_TAG_NAME_MISMATCH: Opening and ending tag mismatch: solution line 85 and example
/home/innodems-dan/Documents/open-source-mathematics-curriculum-book/new-pretext-project/source/sec-factors.ptx:141:18:FATAL:PARSER:ERR_TAG_NAME_MISMATCH: Opening and ending tag mismatch: example line 59 and subsection
/home/innodems-dan/Documents/open-source-mathematics-curriculum-book/new-pretext-project/source/sec-factors.ptx:143:11:FATAL:PARSER:ERR_TAG_NAME_MISMATCH: Opening and ending tag mismatch: subsection line 45 and section
/home/innodems-dan/Documents/open-source-mathematics-curriculum-book/new-pretext-project/source/ch-numbers.ptx:12:0:ERROR:XINCLUDE:XINCLUDE_NO_FALLBACK: could not load /home/innodems-dan/Documents/open-source-mathematics-curriculum-book/new-pretext-project/source/sec-factors.ptx, and no fallback was found
CRITICAL: XML syntax for source file is invalid
INFO    : ------------------------
CRITICAL: Failed to build.  Exiting...
INFO    : 
----------------------------------------------------
INFO    : While running pretext, the following errors occurred:

INFO    : (see log messages above or in the 'logs' folder for more information)
INFO    : ----------------------------------------------------
