INFO    : Using PreTeXt-CLI version 2.10.0.  The latest stable version available is 2.12.0. Run `pip install pretext --upgrade` to update.

INFO    : PreTeXt project found in `/home/innodems-dan/Documents/numbers/Numbers`.
INFO    : Since no target was supplied, we will use "web".

INFO    : Building target web
INFO    : Preparing to build into /home/innodems-dan/Documents/numbers/Numbers/output/web.
INFO    : XSL conversion of /home/innodems-dan/Documents/numbers/Numbers/source/main.ptx by /home/innodems-dan/.ptx/2.10.0/core/xsl/utilities/report-publisher-variables.xsl
INFO    : successful application of /home/innodems-dan/.ptx/2.10.0/core/xsl/utilities/report-publisher-variables.xsl
INFO    : discovering source file's directory name: /home/innodems-dan/Documents/numbers/Numbers/source
INFO    : verifying and expanding input directory: /home/innodems-dan/Documents/numbers/Numbers/source/../generated-assets
INFO    : input directory expanded to absolute path: /home/innodems-dan/Documents/numbers/Numbers/generated-assets
INFO    : verifying and expanding input directory: /home/innodems-dan/Documents/numbers/Numbers/source/../assets
INFO    : input directory expanded to absolute path: /home/innodems-dan/Documents/numbers/Numbers/assets
INFO    : Runestone Services (via PreTeXt repository): version 7.4.4
INFO    : Runestone Services (using newer, via online CDN query): version 7.5.2
INFO    : Downloading Runestone Services, version 7.5.2
INFO    : Extracting Runestone Services from archive file
INFO    : converting /home/innodems-dan/Documents/numbers/Numbers/source/main.ptx to HTML in /tmp/ptx-u0dclsmo
INFO    : XSL conversion of /home/innodems-dan/Documents/numbers/Numbers/source/main.ptx by /home/innodems-dan/.ptx/2.10.0/core/xsl/pretext-html.xsl
INFO    : successful application of /home/innodems-dan/.ptx/2.10.0/core/xsl/pretext-html.xsl
INFO    : Removing temporary directory /tmp/ptx-9fwrbvw7
INFO    : Removing temporary directory /tmp/ptx-u0dclsmo
INFO    : 
Success! Run `pretext view` to see the results.

INFO    : 
