INFO    : Using PreTeXt-CLI version 2.10.0.  The latest stable version available is 2.12.0. Run `pip install pretext --upgrade` to update.

INFO    : PreTeXt project found in `/home/innodems-sheila/Documents/numbers/Numbers`.
INFO    : Since no target was supplied, we will use "web".

INFO    : Building target web
INFO    : Preparing to build into /home/innodems-sheila/Documents/numbers/Numbers/output/web.
INFO    : XSL conversion of /home/innodems-sheila/Documents/numbers/Numbers/source/main.ptx by /home/innodems-sheila/.ptx/2.10.0/core/xsl/utilities/report-publisher-variables.xsl
INFO    : successful application of /home/innodems-sheila/.ptx/2.10.0/core/xsl/utilities/report-publisher-variables.xsl
INFO    : discovering source file's directory name: /home/innodems-sheila/Documents/numbers/Numbers/source
INFO    : verifying and expanding input directory: /home/innodems-sheila/Documents/numbers/Numbers/source/../generated-assets
INFO    : input directory expanded to absolute path: /home/innodems-sheila/Documents/numbers/Numbers/generated-assets
INFO    : verifying and expanding input directory: /home/innodems-sheila/Documents/numbers/Numbers/source/../assets
INFO    : input directory expanded to absolute path: /home/innodems-sheila/Documents/numbers/Numbers/assets
INFO    : Runestone Services (via PreTeXt repository): version 7.4.4
INFO    : Runestone Services (using newer, via online CDN query): version 7.5.3
INFO    : Downloading Runestone Services, version 7.5.3
INFO    : Extracting Runestone Services from archive file
INFO    : converting /home/innodems-sheila/Documents/numbers/Numbers/source/main.ptx to HTML in /tmp/ptx-el9jnitl
INFO    : XSL conversion of /home/innodems-sheila/Documents/numbers/Numbers/source/main.ptx by /home/innodems-sheila/.ptx/2.10.0/core/xsl/pretext-html.xsl
INFO    : messages from the log for XSL processing:
ERROR   : * PTX:ERROR:      The @xml:id "subsubsec-  Even-numbers" is invalid.  Use only letters, numbers, hyphens and underscores.
INFO    : successful application of /home/innodems-sheila/.ptx/2.10.0/core/xsl/pretext-html.xsl
WARNING : Failed to map codechat path to xml id; codechat will not work.
INFO    : Removing temporary directory /tmp/ptx-c84meuk5
INFO    : Removing temporary directory /tmp/ptx-el9jnitl
INFO    : 
Success! Run `pretext view` to see the results.

INFO    : 
----------------------------------------------------
INFO    : While running pretext, the following errors occurred:

INFO    : (see log messages above or in the 'logs' folder for more information)
INFO    : ----------------------------------------------------
